E:\SUMMARY\CODE\LEETCODE\PROJECT1\PROJECT1\DEBUG\SOURCE.OBJ
E:\SUMMARY\CODE\LEETCODE\PROJECT1\PROJECT1\DEBUG\VC110.PDB
E:\SUMMARY\CODE\LEETCODE\PROJECT1\DEBUG\PROJECT1.ILK
E:\SUMMARY\CODE\LEETCODE\PROJECT1\DEBUG\PROJECT1.EXE
E:\SUMMARY\CODE\LEETCODE\PROJECT1\DEBUG\PROJECT1.PDB
E:\Summary\Code\Leetcode\Project1\Project1\Debug\Source.obj
E:\Summary\Code\Leetcode\Project1\Project1\Debug\cl.command.1.tlog
E:\Summary\Code\Leetcode\Project1\Project1\Debug\CL.read.1.tlog
E:\Summary\Code\Leetcode\Project1\Project1\Debug\CL.write.1.tlog
E:\Summary\Code\Leetcode\Project1\Project1\Debug\link-cvtres.read.1.tlog
E:\Summary\Code\Leetcode\Project1\Project1\Debug\link-cvtres.write.1.tlog
E:\Summary\Code\Leetcode\Project1\Project1\Debug\link-rc.read.1.tlog
E:\Summary\Code\Leetcode\Project1\Project1\Debug\link-rc.write.1.tlog
E:\Summary\Code\Leetcode\Project1\Project1\Debug\link.12820-cvtres.read.1.tlog
E:\Summary\Code\Leetcode\Project1\Project1\Debug\link.12820-cvtres.write.1.tlog
E:\Summary\Code\Leetcode\Project1\Project1\Debug\link.12820-rc.read.1.tlog
E:\Summary\Code\Leetcode\Project1\Project1\Debug\link.12820-rc.write.1.tlog
E:\Summary\Code\Leetcode\Project1\Project1\Debug\link.12820.read.1.tlog
E:\Summary\Code\Leetcode\Project1\Project1\Debug\link.12820.write.1.tlog
E:\Summary\Code\Leetcode\Project1\Project1\Debug\link.1340-cvtres.read.1.tlog
E:\Summary\Code\Leetcode\Project1\Project1\Debug\link.1340-cvtres.write.1.tlog
E:\Summary\Code\Leetcode\Project1\Project1\Debug\link.1340-rc.read.1.tlog
E:\Summary\Code\Leetcode\Project1\Project1\Debug\link.1340-rc.write.1.tlog
E:\Summary\Code\Leetcode\Project1\Project1\Debug\link.1340.read.1.tlog
E:\Summary\Code\Leetcode\Project1\Project1\Debug\link.1340.write.1.tlog
E:\Summary\Code\Leetcode\Project1\Project1\Debug\link.14036-cvtres.read.1.tlog
E:\Summary\Code\Leetcode\Project1\Project1\Debug\link.14036-cvtres.write.1.tlog
E:\Summary\Code\Leetcode\Project1\Project1\Debug\link.14036-rc.read.1.tlog
E:\Summary\Code\Leetcode\Project1\Project1\Debug\link.14036-rc.write.1.tlog
E:\Summary\Code\Leetcode\Project1\Project1\Debug\link.14036.read.1.tlog
E:\Summary\Code\Leetcode\Project1\Project1\Debug\link.14036.write.1.tlog
E:\Summary\Code\Leetcode\Project1\Project1\Debug\link.15216-cvtres.read.1.tlog
E:\Summary\Code\Leetcode\Project1\Project1\Debug\link.15216-cvtres.write.1.tlog
E:\Summary\Code\Leetcode\Project1\Project1\Debug\link.15216-rc.read.1.tlog
E:\Summary\Code\Leetcode\Project1\Project1\Debug\link.15216-rc.write.1.tlog
E:\Summary\Code\Leetcode\Project1\Project1\Debug\link.15216.read.1.tlog
E:\Summary\Code\Leetcode\Project1\Project1\Debug\link.15216.write.1.tlog
E:\Summary\Code\Leetcode\Project1\Project1\Debug\link.16020-cvtres.read.1.tlog
E:\Summary\Code\Leetcode\Project1\Project1\Debug\link.16020-cvtres.write.1.tlog
E:\Summary\Code\Leetcode\Project1\Project1\Debug\link.16020-rc.read.1.tlog
E:\Summary\Code\Leetcode\Project1\Project1\Debug\link.16020-rc.write.1.tlog
E:\Summary\Code\Leetcode\Project1\Project1\Debug\link.16020.read.1.tlog
E:\Summary\Code\Leetcode\Project1\Project1\Debug\link.16020.write.1.tlog
E:\Summary\Code\Leetcode\Project1\Project1\Debug\link.16584-cvtres.read.1.tlog
E:\Summary\Code\Leetcode\Project1\Project1\Debug\link.16584-cvtres.write.1.tlog
E:\Summary\Code\Leetcode\Project1\Project1\Debug\link.16584-rc.read.1.tlog
E:\Summary\Code\Leetcode\Project1\Project1\Debug\link.16584-rc.write.1.tlog
E:\Summary\Code\Leetcode\Project1\Project1\Debug\link.16584.read.1.tlog
E:\Summary\Code\Leetcode\Project1\Project1\Debug\link.16584.write.1.tlog
E:\Summary\Code\Leetcode\Project1\Project1\Debug\link.17536-cvtres.read.1.tlog
E:\Summary\Code\Leetcode\Project1\Project1\Debug\link.17536-cvtres.write.1.tlog
E:\Summary\Code\Leetcode\Project1\Project1\Debug\link.17536-rc.read.1.tlog
E:\Summary\Code\Leetcode\Project1\Project1\Debug\link.17536-rc.write.1.tlog
E:\Summary\Code\Leetcode\Project1\Project1\Debug\link.17536.read.1.tlog
E:\Summary\Code\Leetcode\Project1\Project1\Debug\link.17536.write.1.tlog
E:\Summary\Code\Leetcode\Project1\Project1\Debug\link.17896-cvtres.read.1.tlog
E:\Summary\Code\Leetcode\Project1\Project1\Debug\link.17896-cvtres.write.1.tlog
E:\Summary\Code\Leetcode\Project1\Project1\Debug\link.17896-rc.read.1.tlog
E:\Summary\Code\Leetcode\Project1\Project1\Debug\link.17896-rc.write.1.tlog
E:\Summary\Code\Leetcode\Project1\Project1\Debug\link.17896.read.1.tlog
E:\Summary\Code\Leetcode\Project1\Project1\Debug\link.17896.write.1.tlog
E:\Summary\Code\Leetcode\Project1\Project1\Debug\link.18008-cvtres.read.1.tlog
E:\Summary\Code\Leetcode\Project1\Project1\Debug\link.18008-cvtres.write.1.tlog
E:\Summary\Code\Leetcode\Project1\Project1\Debug\link.18008-rc.read.1.tlog
E:\Summary\Code\Leetcode\Project1\Project1\Debug\link.18008-rc.write.1.tlog
E:\Summary\Code\Leetcode\Project1\Project1\Debug\link.18008.read.1.tlog
E:\Summary\Code\Leetcode\Project1\Project1\Debug\link.18008.write.1.tlog
E:\Summary\Code\Leetcode\Project1\Project1\Debug\link.3924-cvtres.read.1.tlog
E:\Summary\Code\Leetcode\Project1\Project1\Debug\link.3924-cvtres.write.1.tlog
E:\Summary\Code\Leetcode\Project1\Project1\Debug\link.3924-rc.read.1.tlog
E:\Summary\Code\Leetcode\Project1\Project1\Debug\link.3924-rc.write.1.tlog
E:\Summary\Code\Leetcode\Project1\Project1\Debug\link.3924.read.1.tlog
E:\Summary\Code\Leetcode\Project1\Project1\Debug\link.3924.write.1.tlog
E:\Summary\Code\Leetcode\Project1\Project1\Debug\link.6156-cvtres.read.1.tlog
E:\Summary\Code\Leetcode\Project1\Project1\Debug\link.6156-cvtres.write.1.tlog
E:\Summary\Code\Leetcode\Project1\Project1\Debug\link.6156-rc.read.1.tlog
E:\Summary\Code\Leetcode\Project1\Project1\Debug\link.6156-rc.write.1.tlog
E:\Summary\Code\Leetcode\Project1\Project1\Debug\link.6156.read.1.tlog
E:\Summary\Code\Leetcode\Project1\Project1\Debug\link.6156.write.1.tlog
E:\Summary\Code\Leetcode\Project1\Project1\Debug\link.6848-cvtres.read.1.tlog
E:\Summary\Code\Leetcode\Project1\Project1\Debug\link.6848-cvtres.write.1.tlog
E:\Summary\Code\Leetcode\Project1\Project1\Debug\link.6848-rc.read.1.tlog
E:\Summary\Code\Leetcode\Project1\Project1\Debug\link.6848-rc.write.1.tlog
E:\Summary\Code\Leetcode\Project1\Project1\Debug\link.6848.read.1.tlog
E:\Summary\Code\Leetcode\Project1\Project1\Debug\link.6848.write.1.tlog
E:\Summary\Code\Leetcode\Project1\Project1\Debug\link.8332-cvtres.read.1.tlog
E:\Summary\Code\Leetcode\Project1\Project1\Debug\link.8332-cvtres.write.1.tlog
E:\Summary\Code\Leetcode\Project1\Project1\Debug\link.8332-rc.read.1.tlog
E:\Summary\Code\Leetcode\Project1\Project1\Debug\link.8332-rc.write.1.tlog
E:\Summary\Code\Leetcode\Project1\Project1\Debug\link.8332.read.1.tlog
E:\Summary\Code\Leetcode\Project1\Project1\Debug\link.8332.write.1.tlog
E:\Summary\Code\Leetcode\Project1\Project1\Debug\link.848-cvtres.read.1.tlog
E:\Summary\Code\Leetcode\Project1\Project1\Debug\link.848-cvtres.write.1.tlog
E:\Summary\Code\Leetcode\Project1\Project1\Debug\link.848-rc.read.1.tlog
E:\Summary\Code\Leetcode\Project1\Project1\Debug\link.848-rc.write.1.tlog
E:\Summary\Code\Leetcode\Project1\Project1\Debug\link.848.read.1.tlog
E:\Summary\Code\Leetcode\Project1\Project1\Debug\link.848.write.1.tlog
E:\Summary\Code\Leetcode\Project1\Project1\Debug\link.8680-cvtres.read.1.tlog
E:\Summary\Code\Leetcode\Project1\Project1\Debug\link.8680-cvtres.write.1.tlog
E:\Summary\Code\Leetcode\Project1\Project1\Debug\link.8680-rc.read.1.tlog
E:\Summary\Code\Leetcode\Project1\Project1\Debug\link.8680-rc.write.1.tlog
E:\Summary\Code\Leetcode\Project1\Project1\Debug\link.8680.read.1.tlog
E:\Summary\Code\Leetcode\Project1\Project1\Debug\link.8680.write.1.tlog
E:\Summary\Code\Leetcode\Project1\Project1\Debug\link.9456-cvtres.read.1.tlog
E:\Summary\Code\Leetcode\Project1\Project1\Debug\link.9456-cvtres.write.1.tlog
E:\Summary\Code\Leetcode\Project1\Project1\Debug\link.9456-rc.read.1.tlog
E:\Summary\Code\Leetcode\Project1\Project1\Debug\link.9456-rc.write.1.tlog
E:\Summary\Code\Leetcode\Project1\Project1\Debug\link.9456.read.1.tlog
E:\Summary\Code\Leetcode\Project1\Project1\Debug\link.9456.write.1.tlog
E:\Summary\Code\Leetcode\Project1\Project1\Debug\link.9464-cvtres.read.1.tlog
E:\Summary\Code\Leetcode\Project1\Project1\Debug\link.9464-cvtres.write.1.tlog
E:\Summary\Code\Leetcode\Project1\Project1\Debug\link.9464-rc.read.1.tlog
E:\Summary\Code\Leetcode\Project1\Project1\Debug\link.9464-rc.write.1.tlog
E:\Summary\Code\Leetcode\Project1\Project1\Debug\link.9464.read.1.tlog
E:\Summary\Code\Leetcode\Project1\Project1\Debug\link.9464.write.1.tlog
E:\Summary\Code\Leetcode\Project1\Project1\Debug\link.9688-cvtres.read.1.tlog
E:\Summary\Code\Leetcode\Project1\Project1\Debug\link.9688-cvtres.write.1.tlog
E:\Summary\Code\Leetcode\Project1\Project1\Debug\link.9688-rc.read.1.tlog
E:\Summary\Code\Leetcode\Project1\Project1\Debug\link.9688-rc.write.1.tlog
E:\Summary\Code\Leetcode\Project1\Project1\Debug\link.9688.read.1.tlog
E:\Summary\Code\Leetcode\Project1\Project1\Debug\link.9688.write.1.tlog
E:\Summary\Code\Leetcode\Project1\Project1\Debug\link.command.1.tlog
E:\Summary\Code\Leetcode\Project1\Project1\Debug\link.read.1.tlog
E:\Summary\Code\Leetcode\Project1\Project1\Debug\link.write.1.tlog
E:\Summary\Code\Leetcode\Project1\Project1\Debug\vc110.idb
E:\Summary\Code\Leetcode\Project1\Project1\Debug\vc110.pdb
E:\Summary\Code\Leetcode\Project1\Debug\Project1.pdb
E:\Summary\Code\Leetcode\Project1\Debug\Project1.exe
E:\Summary\Code\Leetcode\Project1\Debug\Project1.ilk
