E:\SUMMARY\CODE\LEETCODE\PROJECT1\PROJECT3\DEBUG\CDN.OBJ
E:\SUMMARY\CODE\LEETCODE\PROJECT1\PROJECT3\DEBUG\IO.OBJ
E:\SUMMARY\CODE\LEETCODE\PROJECT1\PROJECT3\DEBUG\VC110.PDB
E:\SUMMARY\CODE\LEETCODE\PROJECT1\PROJECT3\DEBUG\DEPLOY.OBJ
E:\SUMMARY\CODE\LEETCODE\PROJECT1\DEBUG\PROJECT3.ILK
E:\SUMMARY\CODE\LEETCODE\PROJECT1\DEBUG\PROJECT3.EXE
E:\SUMMARY\CODE\LEETCODE\PROJECT1\DEBUG\PROJECT3.PDB
E:\Summary\Code\Leetcode\Project1\Project3\Debug\cdn.obj
E:\Summary\Code\Leetcode\Project1\Project3\Debug\deploy.obj
E:\Summary\Code\Leetcode\Project1\Project3\Debug\io.obj
E:\Summary\Code\Leetcode\Project1\Project3\Debug\cl.command.1.tlog
E:\Summary\Code\Leetcode\Project1\Project3\Debug\CL.read.1.tlog
E:\Summary\Code\Leetcode\Project1\Project3\Debug\CL.write.1.tlog
E:\Summary\Code\Leetcode\Project1\Project3\Debug\link.1244-cvtres.read.1.tlog
E:\Summary\Code\Leetcode\Project1\Project3\Debug\link.1244-cvtres.write.1.tlog
E:\Summary\Code\Leetcode\Project1\Project3\Debug\link.1244-rc.read.1.tlog
E:\Summary\Code\Leetcode\Project1\Project3\Debug\link.1244-rc.write.1.tlog
E:\Summary\Code\Leetcode\Project1\Project3\Debug\link.1244.read.1.tlog
E:\Summary\Code\Leetcode\Project1\Project3\Debug\link.1244.write.1.tlog
E:\Summary\Code\Leetcode\Project1\Project3\Debug\link.13960-cvtres.read.1.tlog
E:\Summary\Code\Leetcode\Project1\Project3\Debug\link.13960-cvtres.write.1.tlog
E:\Summary\Code\Leetcode\Project1\Project3\Debug\link.13960-rc.read.1.tlog
E:\Summary\Code\Leetcode\Project1\Project3\Debug\link.13960-rc.write.1.tlog
E:\Summary\Code\Leetcode\Project1\Project3\Debug\link.13960.read.1.tlog
E:\Summary\Code\Leetcode\Project1\Project3\Debug\link.13960.write.1.tlog
E:\Summary\Code\Leetcode\Project1\Project3\Debug\link.14120-cvtres.read.1.tlog
E:\Summary\Code\Leetcode\Project1\Project3\Debug\link.14120-cvtres.write.1.tlog
E:\Summary\Code\Leetcode\Project1\Project3\Debug\link.14120-rc.read.1.tlog
E:\Summary\Code\Leetcode\Project1\Project3\Debug\link.14120-rc.write.1.tlog
E:\Summary\Code\Leetcode\Project1\Project3\Debug\link.14120.read.1.tlog
E:\Summary\Code\Leetcode\Project1\Project3\Debug\link.14120.write.1.tlog
E:\Summary\Code\Leetcode\Project1\Project3\Debug\link.14856-cvtres.read.1.tlog
E:\Summary\Code\Leetcode\Project1\Project3\Debug\link.14856-cvtres.write.1.tlog
E:\Summary\Code\Leetcode\Project1\Project3\Debug\link.14856-rc.read.1.tlog
E:\Summary\Code\Leetcode\Project1\Project3\Debug\link.14856-rc.write.1.tlog
E:\Summary\Code\Leetcode\Project1\Project3\Debug\link.14856.read.1.tlog
E:\Summary\Code\Leetcode\Project1\Project3\Debug\link.14856.write.1.tlog
E:\Summary\Code\Leetcode\Project1\Project3\Debug\link.15900-cvtres.read.1.tlog
E:\Summary\Code\Leetcode\Project1\Project3\Debug\link.15900-cvtres.write.1.tlog
E:\Summary\Code\Leetcode\Project1\Project3\Debug\link.15900-rc.read.1.tlog
E:\Summary\Code\Leetcode\Project1\Project3\Debug\link.15900-rc.write.1.tlog
E:\Summary\Code\Leetcode\Project1\Project3\Debug\link.15900.read.1.tlog
E:\Summary\Code\Leetcode\Project1\Project3\Debug\link.15900.write.1.tlog
E:\Summary\Code\Leetcode\Project1\Project3\Debug\link.8716-cvtres.read.1.tlog
E:\Summary\Code\Leetcode\Project1\Project3\Debug\link.8716-cvtres.write.1.tlog
E:\Summary\Code\Leetcode\Project1\Project3\Debug\link.8716-rc.read.1.tlog
E:\Summary\Code\Leetcode\Project1\Project3\Debug\link.8716-rc.write.1.tlog
E:\Summary\Code\Leetcode\Project1\Project3\Debug\link.8716.read.1.tlog
E:\Summary\Code\Leetcode\Project1\Project3\Debug\link.8716.write.1.tlog
E:\Summary\Code\Leetcode\Project1\Project3\Debug\link.command.1.tlog
E:\Summary\Code\Leetcode\Project1\Project3\Debug\link.read.1.tlog
E:\Summary\Code\Leetcode\Project1\Project3\Debug\link.write.1.tlog
E:\Summary\Code\Leetcode\Project1\Project3\Debug\vc110.idb
E:\Summary\Code\Leetcode\Project1\Project3\Debug\vc110.pdb
E:\Summary\Code\Leetcode\Project1\Debug\Project3.pdb
E:\Summary\Code\Leetcode\Project1\Debug\Project3.exe
E:\Summary\Code\Leetcode\Project1\Debug\Project3.ilk
